   Compiling libc v0.2.146
   Compiling futures-core v0.3.28
   Compiling futures-task v0.3.28
   Compiling slab v0.4.8
   Compiling serde v1.0.164
   Compiling indexmap v1.9.3
   Compiling http-body v0.4.5
   Compiling form_urlencoded v1.2.0
   Compiling httparse v1.8.0
   Compiling idna v0.4.0
   Compiling futures-util v0.3.28
   Compiling futures-channel v0.3.28
   Compiling pin-project v1.1.0
   Compiling memchr v2.5.0
   Compiling url v2.4.0
   Compiling mio v0.8.8
   Compiling socket2 v0.4.9
   Compiling num_cpus v1.15.0
   Compiling errno v0.3.1
   Compiling io-lifetimes v1.0.11
   Compiling core-foundation v0.9.3
   Compiling rustix v0.37.20
   Compiling security-framework-sys v2.9.0
   Compiling security-framework v2.9.1
   Compiling tokio v1.28.2
   Compiling axum-core v0.3.4
   Compiling tempfile v3.6.0
   Compiling native-tls v0.2.11
   Compiling serde_urlencoded v0.7.1
   Compiling serde_path_to_error v0.1.11
   Compiling serde_json v1.0.99
   Compiling tokio-util v0.7.8
   Compiling tokio-native-tls v0.3.1
   Compiling tower v0.4.13
   Compiling h2 v0.3.19
   Compiling hyper v0.14.26
   Compiling hyper-tls v0.5.0
   Compiling axum v0.6.18
   Compiling reqwest v0.11.18
   Compiling hello_world v0.1.0 (/Users/brooks/code/brooks-builds/axum_assessment_hello_world)
    Finished test [unoptimized + debuginfo] target(s) in 11.09s
     Running unittests src/main.rs (target/debug/deps/hello_world-961ab24940b0d96a)
     Running tests/hello_world.rs (target/debug/deps/hello_world-c57df0104d80ed53)
error: test failed, to rerun pass `--test hello_world`
o_world ... FAILED

failures:

---- hello_world stdout ----
thread 'hello_world' panicked at 'called `Result::unwrap()` on an `Err` value: reqwest::Error { kind: Request, url: Url { scheme: "http", cannot_be_a_base: false, username: "", password: None, host: Some(Domain("localhost")), port: Some(3000), path: "/", query: None, fragment: None }, source: hyper::Error(Connect, ConnectError("tcp connect error", Os { code: 61, kind: ConnectionRefused, message: "Connection refused" })) }', tests/hello_world.rs:3:64
note: run with `RUST_BACKTRACE=1` environment variable to display a backtrace


failures:
    hello_world

test result: FAILED. 0 passed; 1 failed; 0 ignored; 0 measured; 0 filtered out; finished in 0.01s

